2024-12-13 13:36:04,420 [INFO] Activator:176 - 


2024-12-13 13:36:04,422 [INFO] Activator:177 - !SESSION log4j initialized
2024-12-13 13:36:06,115 [INFO] LogOutputStream:77 - [STDOUT_REDIRECT] 
2024-12-13 13:36:13,376 [INFO] ApplicationProperties:184 - Using Application install path: C:\ST\STM32CubeIDE_1.17.0\STM32CubeIDE\plugins\com.st.stm32cube.common.mx_6.13.0.202411220809
2024-12-13 13:36:13,386 [INFO] DbMcusXml:78 - Set database path to: C:\ST\STM32CubeIDE_1.17.0\STM32CubeIDE\plugins\com.st.stm32cube.common.mx_6.13.0.202411220809\\db\/mcu/
2024-12-13 13:36:13,386 [INFO] ApiDb:274 - Set plugin database path to: C:\ST\STM32CubeIDE_1.17.0\STM32CubeIDE\plugins\com.st.stm32cube.common.mx_6.13.0.202411220809\\db\/plugins/boardmanager/
2024-12-13 13:36:13,387 [WARN] ApiDb:259 - Overriding images path with different value:  => C:\ST\STM32CubeIDE_1.17.0\STM32CubeIDE\plugins\com.st.stm32cube.common.mx_6.13.0.202411220809\\db\/plugins/mcufinder/images/
2024-12-13 13:36:13,390 [INFO] ApiDb:250 - Set database path to: C:\Users\wxj509\.stmcufinder\plugins\mcufinder//mcu/
2024-12-13 13:36:13,390 [INFO] DbMcusAds:125 - Set database path to: C:\Users\wxj509\.stmcufinder\plugins\mcufinder//mcu/
2024-12-13 13:36:13,391 [INFO] CrossReferenceDbSqlite:203 - Set database path to: C:\Users\wxj509\.stmcufinder\plugins\mcufinder//mcu/cs/
2024-12-13 13:36:13,462 [INFO] RulesReader:64 - Compatibility file has been processed (297 Rules)
2024-12-13 13:36:13,521 [INFO] DbMcusXml:78 - Set database path to: C:\ST\STM32CubeIDE_1.17.0\STM32CubeIDE\plugins\com.st.stm32cube.common.mx_6.13.0.202411220809\\db\/mcu/
2024-12-13 13:36:13,521 [INFO] ApiDb:274 - Set plugin database path to: C:\ST\STM32CubeIDE_1.17.0\STM32CubeIDE\plugins\com.st.stm32cube.common.mx_6.13.0.202411220809\\db\/plugins/boardmanager/
2024-12-13 13:36:13,521 [INFO] ApiDb:261 - Set plugin images path to: C:\ST\STM32CubeIDE_1.17.0\STM32CubeIDE\plugins\com.st.stm32cube.common.mx_6.13.0.202411220809\\db\/plugins/mcufinder/images/
2024-12-13 13:36:13,522 [WARN] DbFile:41 - Overriding database path with different value: C:\Users\wxj509\.stmcufinder\plugins\mcufinder/ => C:\Users\wxj509\.stmcufinder\plugins\mcufinder
2024-12-13 13:36:13,522 [INFO] ApiDb:250 - Set database path to: C:\Users\wxj509\.stmcufinder\plugins\mcufinder//mcu/
2024-12-13 13:36:13,522 [WARN] DbFile:41 - Overriding database path with different value: C:\Users\wxj509\.stmcufinder\plugins\mcufinder/ => C:\Users\wxj509\.stmcufinder\plugins\mcufinder
2024-12-13 13:36:13,522 [INFO] DbMcusAds:125 - Set database path to: C:\Users\wxj509\.stmcufinder\plugins\mcufinder//mcu/
2024-12-13 13:36:13,522 [WARN] DbFile:41 - Overriding database path with different value: C:\Users\wxj509\.stmcufinder\plugins\mcufinder/ => C:\Users\wxj509\.stmcufinder\plugins\mcufinder
2024-12-13 13:36:13,522 [WARN] DbFile:41 - Overriding database path with different value: C:\Users\wxj509\.stmcufinder\plugins\mcufinder/ => C:\Users\wxj509\.stmcufinder\plugins\mcufinder
2024-12-13 13:36:13,522 [INFO] CrossReferenceDbSqlite:203 - Set database path to: C:\Users\wxj509\.stmcufinder\plugins\mcufinder//mcu/cs/
2024-12-13 13:36:13,568 [INFO] MainPanel:272 - HeapMemory: 278921216
2024-12-13 13:36:13,615 [INFO] DbMcusXml:78 - Set database path to: C:\ST\STM32CubeIDE_1.17.0\STM32CubeIDE\plugins\com.st.stm32cube.common.mx_6.13.0.202411220809\\db\/mcu/
2024-12-13 13:36:13,615 [INFO] ApiDb:274 - Set plugin database path to: C:\ST\STM32CubeIDE_1.17.0\STM32CubeIDE\plugins\com.st.stm32cube.common.mx_6.13.0.202411220809\\db\/plugins/boardmanager/
2024-12-13 13:36:13,615 [INFO] ApiDb:261 - Set plugin images path to: C:\ST\STM32CubeIDE_1.17.0\STM32CubeIDE\plugins\com.st.stm32cube.common.mx_6.13.0.202411220809\\db\/plugins/mcufinder/images/
2024-12-13 13:36:13,615 [WARN] DbFile:41 - Overriding database path with different value: C:\Users\wxj509\.stmcufinder\plugins\mcufinder/ => C:\Users\wxj509\.stmcufinder\plugins\mcufinder
2024-12-13 13:36:13,615 [INFO] ApiDb:250 - Set database path to: C:\Users\wxj509\.stmcufinder\plugins\mcufinder//mcu/
2024-12-13 13:36:13,615 [WARN] DbFile:41 - Overriding database path with different value: C:\Users\wxj509\.stmcufinder\plugins\mcufinder/ => C:\Users\wxj509\.stmcufinder\plugins\mcufinder
2024-12-13 13:36:13,615 [INFO] DbMcusAds:125 - Set database path to: C:\Users\wxj509\.stmcufinder\plugins\mcufinder//mcu/
2024-12-13 13:36:13,615 [WARN] DbFile:41 - Overriding database path with different value: C:\Users\wxj509\.stmcufinder\plugins\mcufinder/ => C:\Users\wxj509\.stmcufinder\plugins\mcufinder
2024-12-13 13:36:13,615 [WARN] DbFile:41 - Overriding database path with different value: C:\Users\wxj509\.stmcufinder\plugins\mcufinder/ => C:\Users\wxj509\.stmcufinder\plugins\mcufinder
2024-12-13 13:36:13,615 [INFO] CrossReferenceDbSqlite:203 - Set database path to: C:\Users\wxj509\.stmcufinder\plugins\mcufinder//mcu/cs/
2024-12-13 13:36:13,627 [INFO] ApplicationProperties:184 - Using Application install path: C:\ST\STM32CubeIDE_1.17.0\STM32CubeIDE\plugins\com.st.stm32cube.common.mx_6.13.0.202411220809
2024-12-13 13:36:13,628 [INFO] PluginManage:196 - Search for loadable plugins [exclusion list=, ]
2024-12-13 13:36:13,629 [INFO] PluginManage:310 - Check plugin analytics
2024-12-13 13:36:13,753 [INFO] AnalyticsPlugin:253 - Accepted Software Licenses: 
2024-12-13 13:36:13,754 [INFO] AnalyticsPlugin:255 - Accepted CMSIS Pack Licenses: 
2024-12-13 13:36:13,754 [INFO] AnalyticsPlugin:257 - Accepted Firmware Licenses: 
2024-12-13 13:36:13,756 [INFO] PluginManage:359 - Loaded plugin analytics (category:tool,tabindex:-1)
2024-12-13 13:36:13,757 [INFO] PluginManage:310 - Check plugin cadmodel
2024-12-13 13:36:13,761 [INFO] CADModel:105 - Init CAD model plugin
2024-12-13 13:36:13,761 [INFO] PluginManage:359 - Loaded plugin cadmodel (category:power,tabindex:5)
2024-12-13 13:36:13,761 [INFO] PluginManage:310 - Check plugin clock
2024-12-13 13:36:13,768 [INFO] PluginManage:359 - Loaded plugin clock (category:base,tabindex:2)
2024-12-13 13:36:13,768 [INFO] PluginManage:310 - Check plugin ddr
2024-12-13 13:36:13,769 [INFO] PluginManage:359 - Loaded plugin ddr (category:tool,tabindex:6)
2024-12-13 13:36:13,769 [INFO] PluginManage:310 - Check plugin filemanager
2024-12-13 13:36:13,865 [INFO] PluginManage:359 - Loaded plugin filemanager (category:base,tabindex:10)
2024-12-13 13:36:13,865 [INFO] PluginManage:310 - Check plugin ipmanager
2024-12-13 13:36:13,871 [INFO] PluginManage:359 - Loaded plugin ipmanager (category:base,tabindex:5)
2024-12-13 13:36:13,871 [INFO] PluginManage:310 - Check plugin lpbam
2024-12-13 13:36:13,877 [INFO] PluginManage:359 - Loaded plugin lpbam (category:base,tabindex:0)
2024-12-13 13:36:13,877 [INFO] PluginManage:310 - Check plugin memorymap
2024-12-13 13:36:13,886 [INFO] PluginManage:359 - Loaded plugin memorymap (category:base,tabindex:4)
2024-12-13 13:36:13,886 [INFO] PluginManage:310 - Check plugin pinoutandconfiguration
2024-12-13 13:36:13,890 [INFO] PluginManage:359 - Loaded plugin pinoutandconfiguration (category:base,tabindex:1)
2024-12-13 13:36:13,891 [INFO] PluginManage:310 - Check plugin pinoutconfig
2024-12-13 13:36:13,948 [WARN] SupportedApi:132 - Cannot load RTOS API schema: s4s-elt-must-match.1: The content of 'definitions' must match (annotation?, (simpleType | complexType)?, (unique | key | keyref)*)). A problem was found starting at: attribute.
2024-12-13 13:36:14,029 [INFO] PluginManage:359 - Loaded plugin pinoutconfig (category:base,tabindex:0)
2024-12-13 13:36:14,029 [INFO] PluginManage:310 - Check plugin power
2024-12-13 13:36:14,034 [INFO] PluginManage:359 - Loaded plugin power (category:power,tabindex:4)
2024-12-13 13:36:14,034 [INFO] PluginManage:310 - Check plugin projectmanager
2024-12-13 13:36:14,044 [INFO] PluginManage:359 - Loaded plugin projectmanager (category:projectmanager,tabindex:4)
2024-12-13 13:36:14,045 [INFO] PluginManage:310 - Check plugin rif
2024-12-13 13:36:14,049 [INFO] PluginManage:359 - Loaded plugin rif (category:base,tabindex:3)
2024-12-13 13:36:14,049 [INFO] PluginManage:310 - Check plugin thirdparty
2024-12-13 13:36:14,129 [INFO] PluginManage:359 - Loaded plugin thirdparty (category:base,tabindex:-1)
2024-12-13 13:36:14,129 [WARN] IntegrityCheckThread:84 - waiting for thirdparty lock release [integrity check]
2024-12-13 13:36:14,129 [INFO] PluginManage:310 - Check plugin tools
2024-12-13 13:36:14,129 [INFO] IntegrityCheckThread:86 - entering critical section [integrity check]
2024-12-13 13:36:14,130 [INFO] ThirdPartyUpdaterWithRetryManager:70 - Updater plugin not ready yet. [1/15]
2024-12-13 13:36:14,131 [INFO] PluginManage:359 - Loaded plugin tools (category:base,tabindex:7)
2024-12-13 13:36:14,131 [INFO] PluginManage:310 - Check plugin tutovideos
2024-12-13 13:36:14,240 [INFO] PluginManage:359 - Loaded plugin tutovideos (category:base,tabindex:-1)
2024-12-13 13:36:14,240 [INFO] PluginManage:310 - Check plugin updater
2024-12-13 13:36:14,255 [INFO] PluginManage:359 - Loaded plugin updater (category:base,tabindex:12)
2024-12-13 13:36:14,255 [INFO] PluginManage:310 - Check plugin userauth
2024-12-13 13:36:14,257 [INFO] UserAuth:118 - Init User Auth plugin
2024-12-13 13:36:14,258 [INFO] PluginManage:359 - Loaded plugin userauth (category:base,tabindex:14)
2024-12-13 13:36:14,258 [INFO] PluginManage:283 - PluginManage : Loaded plugins [18]
2024-12-13 13:36:14,393 [INFO] PinOutPanel:1589 - setPackage(No Configuration,No Configuration)
2024-12-13 13:36:14,458 [INFO] CADModel:165 - CPN selected for project level
2024-12-13 13:36:14,458 [INFO] CADModel:114 - Register for checkConnection events
2024-12-13 13:36:14,473 [INFO] IPUIPlugin:80 - create IPUIPlugin
2024-12-13 13:36:14,473 [INFO] PluginManager:220 - loadIPPluginJar : add adc
2024-12-13 13:36:14,476 [INFO] IPUIPlugin:80 - create IPUIPlugin
2024-12-13 13:36:14,476 [INFO] PluginManager:220 - loadIPPluginJar : add aes
2024-12-13 13:36:14,478 [INFO] IPUIPlugin:80 - create IPUIPlugin
2024-12-13 13:36:14,478 [INFO] PluginManager:220 - loadIPPluginJar : add can
2024-12-13 13:36:14,479 [INFO] IPUIPlugin:80 - create IPUIPlugin
2024-12-13 13:36:14,480 [INFO] PluginManager:220 - loadIPPluginJar : add comp
2024-12-13 13:36:14,481 [INFO] IPUIPlugin:80 - create IPUIPlugin
2024-12-13 13:36:14,481 [INFO] PluginManager:220 - loadIPPluginJar : add cryp
2024-12-13 13:36:14,483 [INFO] IPUIPlugin:80 - create IPUIPlugin
2024-12-13 13:36:14,483 [INFO] PluginManager:220 - loadIPPluginJar : add ddr_ctrl_phy
2024-12-13 13:36:14,485 [INFO] IPUIPlugin:80 - create IPUIPlugin
2024-12-13 13:36:14,485 [INFO] PluginManager:220 - loadIPPluginJar : add dfsdm
2024-12-13 13:36:14,488 [INFO] IPUIPlugin:80 - create IPUIPlugin
2024-12-13 13:36:14,489 [INFO] PluginManager:220 - loadIPPluginJar : add dma
2024-12-13 13:36:14,491 [INFO] IPUIPlugin:80 - create IPUIPlugin
2024-12-13 13:36:14,491 [INFO] PluginManager:220 - loadIPPluginJar : add dma3
2024-12-13 13:36:14,494 [INFO] IPUIPlugin:80 - create IPUIPlugin
2024-12-13 13:36:14,494 [INFO] PluginManager:220 - loadIPPluginJar : add extmemmanager
2024-12-13 13:36:14,495 [INFO] IPUIPlugin:80 - create IPUIPlugin
2024-12-13 13:36:14,495 [INFO] PluginManager:220 - loadIPPluginJar : add fatfs
2024-12-13 13:36:14,498 [INFO] IPUIPlugin:80 - create IPUIPlugin
2024-12-13 13:36:14,498 [INFO] PluginManager:220 - loadIPPluginJar : add fmc
2024-12-13 13:36:14,502 [INFO] IPUIPlugin:80 - create IPUIPlugin
2024-12-13 13:36:14,502 [INFO] PluginManager:220 - loadIPPluginJar : add freertos
2024-12-13 13:36:14,503 [INFO] IPUIPlugin:80 - create IPUIPlugin
2024-12-13 13:36:14,503 [INFO] PluginManager:220 - loadIPPluginJar : add genericplugin
2024-12-13 13:36:14,505 [INFO] IPUIPlugin:80 - create IPUIPlugin
2024-12-13 13:36:14,505 [INFO] PluginManager:220 - loadIPPluginJar : add gfxmmu
2024-12-13 13:36:14,508 [INFO] IPUIPlugin:80 - create IPUIPlugin
2024-12-13 13:36:14,508 [INFO] PluginManager:220 - loadIPPluginJar : add gic
2024-12-13 13:36:14,510 [INFO] IPUIPlugin:80 - create IPUIPlugin
2024-12-13 13:36:14,511 [INFO] PluginManager:220 - loadIPPluginJar : add gpio
2024-12-13 13:36:14,512 [INFO] IPUIPlugin:80 - create IPUIPlugin
2024-12-13 13:36:14,513 [INFO] PluginManager:220 - loadIPPluginJar : add gtzc
2024-12-13 13:36:14,514 [INFO] IPUIPlugin:80 - create IPUIPlugin
2024-12-13 13:36:14,514 [INFO] PluginManager:220 - loadIPPluginJar : add hash
2024-12-13 13:36:14,517 [INFO] IPUIPlugin:80 - create IPUIPlugin
2024-12-13 13:36:14,518 [INFO] PluginManager:220 - loadIPPluginJar : add i2c
2024-12-13 13:36:14,519 [INFO] IPUIPlugin:80 - create IPUIPlugin
2024-12-13 13:36:14,520 [INFO] PluginManager:220 - loadIPPluginJar : add i2s
2024-12-13 13:36:14,522 [INFO] IPUIPlugin:80 - create IPUIPlugin
2024-12-13 13:36:14,523 [INFO] PluginManager:220 - loadIPPluginJar : add i3c
2024-12-13 13:36:14,525 [INFO] IPUIPlugin:80 - create IPUIPlugin
2024-12-13 13:36:14,525 [INFO] PluginManager:220 - loadIPPluginJar : add ipddr
2024-12-13 13:36:14,530 [INFO] IPUIPlugin:80 - create IPUIPlugin
2024-12-13 13:36:14,530 [INFO] PluginManager:220 - loadIPPluginJar : add linkedlist
2024-12-13 13:36:14,532 [INFO] IPUIPlugin:80 - create IPUIPlugin
2024-12-13 13:36:14,532 [INFO] PluginManager:220 - loadIPPluginJar : add lorawan
2024-12-13 13:36:14,533 [INFO] IPUIPlugin:80 - create IPUIPlugin
2024-12-13 13:36:14,533 [INFO] PluginManager:220 - loadIPPluginJar : add ltdc
2024-12-13 13:36:14,537 [INFO] IPUIPlugin:80 - create IPUIPlugin
2024-12-13 13:36:14,538 [INFO] PluginManager:220 - loadIPPluginJar : add mdma
2024-12-13 13:36:14,541 [INFO] IPUIPlugin:80 - create IPUIPlugin
2024-12-13 13:36:14,541 [INFO] PluginManager:220 - loadIPPluginJar : add nvic
2024-12-13 13:36:14,543 [INFO] IPUIPlugin:80 - create IPUIPlugin
2024-12-13 13:36:14,543 [INFO] PluginManager:220 - loadIPPluginJar : add opamp
2024-12-13 13:36:14,545 [INFO] IPUIPlugin:80 - create IPUIPlugin
2024-12-13 13:36:14,546 [INFO] PluginManager:220 - loadIPPluginJar : add openamp
2024-12-13 13:36:14,548 [INFO] IPUIPlugin:80 - create IPUIPlugin
2024-12-13 13:36:14,548 [INFO] PluginManager:220 - loadIPPluginJar : add pdm2pcm
2024-12-13 13:36:14,552 [INFO] IPUIPlugin:80 - create IPUIPlugin
2024-12-13 13:36:14,553 [INFO] PluginManager:220 - loadIPPluginJar : add plateformsettings
2024-12-13 13:36:14,555 [INFO] IPUIPlugin:80 - create IPUIPlugin
2024-12-13 13:36:14,555 [INFO] PluginManager:220 - loadIPPluginJar : add quadspi
2024-12-13 13:36:14,556 [INFO] IPUIPlugin:80 - create IPUIPlugin
2024-12-13 13:36:14,556 [INFO] PluginManager:220 - loadIPPluginJar : add radio
2024-12-13 13:36:14,558 [INFO] IPUIPlugin:80 - create IPUIPlugin
2024-12-13 13:36:14,559 [INFO] PluginManager:220 - loadIPPluginJar : add resmgrutility
2024-12-13 13:36:14,561 [INFO] IPUIPlugin:80 - create IPUIPlugin
2024-12-13 13:36:14,561 [INFO] PluginManager:220 - loadIPPluginJar : add sai
2024-12-13 13:36:14,562 [INFO] IPUIPlugin:80 - create IPUIPlugin
2024-12-13 13:36:14,562 [INFO] PluginManager:220 - loadIPPluginJar : add spi
2024-12-13 13:36:14,566 [INFO] IPUIPlugin:80 - create IPUIPlugin
2024-12-13 13:36:14,566 [INFO] PluginManager:220 - loadIPPluginJar : add stm32_wpan
2024-12-13 13:36:14,567 [INFO] IPUIPlugin:80 - create IPUIPlugin
2024-12-13 13:36:14,567 [INFO] PluginManager:220 - loadIPPluginJar : add tim
2024-12-13 13:36:14,569 [INFO] IPUIPlugin:80 - create IPUIPlugin
2024-12-13 13:36:14,570 [INFO] PluginManager:220 - loadIPPluginJar : add touchsensing
2024-12-13 13:36:14,571 [INFO] IPUIPlugin:80 - create IPUIPlugin
2024-12-13 13:36:14,571 [INFO] PluginManager:220 - loadIPPluginJar : add tracer_emb
2024-12-13 13:36:14,572 [INFO] IPUIPlugin:80 - create IPUIPlugin
2024-12-13 13:36:14,573 [INFO] PluginManager:220 - loadIPPluginJar : add ts
2024-12-13 13:36:14,574 [INFO] IPUIPlugin:80 - create IPUIPlugin
2024-12-13 13:36:14,574 [INFO] PluginManager:220 - loadIPPluginJar : add tsc
2024-12-13 13:36:14,575 [INFO] IPUIPlugin:80 - create IPUIPlugin
2024-12-13 13:36:14,575 [INFO] PluginManager:220 - loadIPPluginJar : add ucpd
2024-12-13 13:36:14,576 [INFO] IPUIPlugin:80 - create IPUIPlugin
2024-12-13 13:36:14,576 [INFO] PluginManager:220 - loadIPPluginJar : add usart
2024-12-13 13:36:14,579 [INFO] IPUIPlugin:80 - create IPUIPlugin
2024-12-13 13:36:14,580 [INFO] PluginManager:220 - loadIPPluginJar : add usbx
2024-12-13 13:36:14,689 [FATAL] Updater:351 - Updater called before beeing initialized
2024-12-13 13:36:14,705 [INFO] RulesReader:64 - Compatibility file has been processed (297 Rules)
2024-12-13 13:36:14,713 [INFO] RulesReader:64 - Compatibility file has been processed (297 Rules)
2024-12-13 13:36:14,718 [INFO] CADModel:165 - CPN selected for project level
2024-12-13 13:36:14,718 [INFO] CADModel:114 - Register for checkConnection events
2024-12-13 13:36:14,718 [FATAL] Updater:351 - Updater called before beeing initialized
2024-12-13 13:36:14,718 [ERROR] CADModel:125 - Updater not yet initialized, retry later 
2024-12-13 13:36:14,815 [FATAL] Updater:351 - Updater called before beeing initialized
2024-12-13 13:36:14,816 [INFO] CADModel:165 - CPN selected for project level
2024-12-13 13:36:14,816 [INFO] CADModel:114 - Register for checkConnection events
2024-12-13 13:36:14,816 [FATAL] Updater:351 - Updater called before beeing initialized
2024-12-13 13:36:14,816 [ERROR] CADModel:125 - Updater not yet initialized, retry later 
2024-12-13 13:36:14,818 [FATAL] Updater:351 - Updater called before beeing initialized
2024-12-13 13:36:14,884 [FATAL] Updater:351 - Updater called before beeing initialized
2024-12-13 13:36:14,887 [INFO] DbMcusAds:53 - JSON generation date=Fri Sep 20 15:04:23 CEST 2024 (1726837463113)
2024-12-13 13:36:14,887 [FATAL] Updater:351 - Updater called before beeing initialized
2024-12-13 13:36:14,911 [WARN] DetailPanel:346 - Failed to get advertising image, set to default
2024-12-13 13:36:15,106 [FATAL] Updater:351 - Updater called before beeing initialized
2024-12-13 13:36:15,107 [FATAL] Updater:351 - Updater called before beeing initialized
2024-12-13 13:36:15,108 [FATAL] Updater:351 - Updater called before beeing initialized
2024-12-13 13:36:15,108 [WARN] DetailPanel:346 - Failed to get advertising image, set to default
2024-12-13 13:36:15,108 [FATAL] Updater:351 - Updater called before beeing initialized
2024-12-13 13:36:15,172 [ERROR] Updater:1198 - MainUpdater not yet initialized. External WinMGr cannot be set.
2024-12-13 13:36:15,174 [INFO] Updater:1134 - Updater Version found : 6.13.0
2024-12-13 13:36:15,185 [INFO] ApplicationProperties:184 - Using Application install path: C:\ST\STM32CubeIDE_1.17.0\STM32CubeIDE\plugins\com.st.stm32cube.common.mx_6.13.0.202411220809
2024-12-13 13:36:16,749 [ERROR] LogOutputStream:75 - [STDERR_REDIRECT] Dec 13, 2024 1:36:16 PM java.util.prefs.WindowsPreferences <init>
2024-12-13 13:36:16,750 [ERROR] LogOutputStream:75 - [STDERR_REDIRECT] WARNING: Could not open/create prefs root node Software\JavaSoft\Prefs at root 0xffffffff80000002. Windows RegCreateKeyEx(...) returned error code 5.
2024-12-13 13:36:16,750 [ERROR] LogOutputStream:75 - [STDERR_REDIRECT] 
2024-12-13 13:36:16,954 [INFO] MainUpdater:2872 - connection check result : 10
2024-12-13 13:36:16,954 [INFO] MainUpdater:289 - Updater Check For Update Now.
2024-12-13 13:36:16,954 [INFO] MicroXplorer:498 - Change Database Version : DB.6.0.130
2024-12-13 13:36:16,959 [INFO] McuFinderGlobals:63 - Set McuFinder mode to 2 (CubeIDE integrated)
2024-12-13 13:36:16,960 [INFO] UserAuth:486 - Internet connection configuration mode: 1
2024-12-13 13:36:16,985 [INFO] JxBrowserEngine:152 - Initiate JxBrowser Engine with user profile folder
2024-12-13 13:36:17,125 [INFO] CheckServerUpdateThread:120 - End of CheckServer Thread
2024-12-13 13:36:17,306 [WARN] PackLoader:240 - Cannot read IP mode file for STMicroelectronics.FP-SNS-MOTENVWB1.1.4.0
2024-12-13 13:36:17,313 [WARN] PackLoader:240 - Cannot read IP mode file for STMicroelectronics.FP-ATR-ASTRA1.2.0.1
2024-12-13 13:36:17,320 [WARN] PackLoader:240 - Cannot read IP mode file for STMicroelectronics.X-CUBE-SMBUS.2.1.0
2024-12-13 13:36:17,328 [WARN] PackLoader:240 - Cannot read IP mode file for STMicroelectronics.X-CUBE-WB05N.1.1.0
2024-12-13 13:36:17,368 [WARN] PackLoader:240 - Cannot read IP mode file for STMicroelectronics.X-CUBE-AZRTOS-F7.1.1.0
2024-12-13 13:36:17,439 [WARN] PackLoader:240 - Cannot read IP mode file for STMicroelectronics.X-CUBE-MEMS1.11.0.0
2024-12-13 13:36:17,583 [WARN] PackLoader:240 - Cannot read IP mode file for STMicroelectronics.FP-SNS-FLIGHT1.5.0.2
2024-12-13 13:36:17,601 [WARN] PackLoader:240 - Cannot read IP mode file for Infineon.AIROC-Wi-Fi-Bluetooth-STM32.1.7.0
2024-12-13 13:36:17,612 [WARN] PackLoader:240 - Cannot read IP mode file for STMicroelectronics.X-CUBE-DISPLAY.3.0.0
2024-12-13 13:36:17,619 [WARN] PackLoader:240 - Cannot read IP mode file for STMicroelectronics.X-CUBE-BLE1.7.0.0
2024-12-13 13:36:17,624 [WARN] PackLoader:240 - Cannot read IP mode file for STMicroelectronics.X-CUBE-NFC10.1.0.0
2024-12-13 13:36:17,633 [WARN] PackLoader:240 - Cannot read IP mode file for STMicroelectronics.X-CUBE-BLEMGR.4.0.0
2024-12-13 13:36:17,641 [WARN] PackLoader:240 - Cannot read IP mode file for emotas.I-CUBE-CANOPEN.1.3.0
2024-12-13 13:36:17,645 [WARN] PackLoader:240 - Cannot read IP mode file for STMicroelectronics.FP-SNS-SMARTAG2.1.2.0
2024-12-13 13:36:17,655 [INFO] LogOutputStream:77 - [STDOUT_REDIRECT] 1 : Invalid condition id : UX_CORESTACK_Condition cause : null
2024-12-13 13:36:17,656 [INFO] LogOutputStream:77 - [STDOUT_REDIRECT] 1 : Invalid condition id : UX_CORESTACK_Condition cause : null
2024-12-13 13:36:17,657 [INFO] LogOutputStream:77 - [STDOUT_REDIRECT] 1 : Invalid condition id : UX_CORESTACK_Condition cause : null
2024-12-13 13:36:17,658 [INFO] LogOutputStream:77 - [STDOUT_REDIRECT] 1 : Invalid condition id : UX_CORESTACK_Condition cause : null
2024-12-13 13:36:17,660 [INFO] LogOutputStream:77 - [STDOUT_REDIRECT] 1 : Invalid condition id : UX_CORESTACK_Condition cause : null
2024-12-13 13:36:17,662 [WARN] PackLoader:240 - Cannot read IP mode file for STMicroelectronics.X-CUBE-AZRTOS-WL.2.0.0
2024-12-13 13:36:17,667 [WARN] PackLoader:240 - Cannot read IP mode file for STMicroelectronics.FP-SNS-MOTENV1.5.0.0
2024-12-13 13:36:17,673 [WARN] PackLoader:240 - Cannot read IP mode file for wolfSSL.I-CUBE-wolfMQTT.1.19.0
2024-12-13 13:36:17,680 [WARN] PackLoader:240 - Cannot read IP mode file for WES.I-CUBE-Cesium.1.3.0
2024-12-13 13:36:17,684 [WARN] PackLoader:240 - Cannot read IP mode file for STMicroelectronics.X-CUBE-BLE2.3.3.0
2024-12-13 13:36:17,690 [WARN] PackLoader:240 - Cannot read IP mode file for STMicroelectronics.X-CUBE-NFC9.1.0.0
2024-12-13 13:36:17,704 [WARN] PackLoader:240 - Cannot read IP mode file for STMicroelectronics.X-CUBE-AZRTOS-G0.1.1.0
2024-12-13 13:36:17,711 [WARN] PackLoader:240 - Cannot read IP mode file for STMicroelectronics.X-CUBE-SAFEA1.1.2.2
2024-12-13 13:36:17,717 [WARN] PackLoader:240 - Cannot read IP mode file for STMicroelectronics.X-CUBE-NFC4.3.0.0
2024-12-13 13:36:17,725 [WARN] PackLoader:240 - Cannot read IP mode file for EmbeddedOffice.I-CUBE-FS-RTOS.1.0.1
2024-12-13 13:36:17,731 [WARN] PackLoader:240 - Cannot read IP mode file for STMicroelectronics.X-CUBE-TCPP.4.2.0
2024-12-13 13:36:17,735 [WARN] PackLoader:240 - Cannot read IP mode file for STMicroelectronics.FP-ATR-SIGFOX1.3.2.0
2024-12-13 13:36:17,740 [WARN] ConditionMgr:438 - getConditionDescription Invalid condition id : Cortex-A Device cause : null
2024-12-13 13:36:17,769 [WARN] ConditionMgr:1044 - genDependencies : Invalid condition id : Cortex-A Device cause : null
2024-12-13 13:36:17,769 [WARN] ConditionMgr:1044 - genDependencies : Invalid condition id : Cortex-A Device cause : null
2024-12-13 13:36:17,769 [WARN] ConditionMgr:1044 - genDependencies : Invalid condition id : Cortex-A Device cause : null
2024-12-13 13:36:17,775 [WARN] PackLoader:240 - Cannot read IP mode file for STMicroelectronics.X-CUBE-EEPRMA1.5.1.0
2024-12-13 13:36:17,780 [WARN] PackLoader:240 - Cannot read IP mode file for wolfSSL.I-CUBE-wolfSSL.5.7.4
2024-12-13 13:36:17,785 [WARN] PackLoader:240 - Cannot read IP mode file for ITTIA_DB.I-CUBE-ITTIADB.8.9.0
2024-12-13 13:36:17,814 [WARN] PackLoader:240 - Cannot read IP mode file for SEGGER.I-CUBE-embOS.1.3.1
2024-12-13 13:36:17,846 [INFO] WebApp:168 - Instantiating new browser for Auth
2024-12-13 13:36:17,879 [WARN] PackLoader:240 - Cannot read IP mode file for STMicroelectronics.X-CUBE-ALGOBUILD.1.4.0
2024-12-13 13:36:17,892 [WARN] PackLoader:240 - Cannot read IP mode file for STMicroelectronics.X-CUBE-AI.9.1.0
2024-12-13 13:36:17,923 [WARN] PackLoader:240 - Cannot read IP mode file for STMicroelectronics.X-CUBE-AZRTOS-F4.1.1.0
2024-12-13 13:36:17,932 [WARN] PackLoader:240 - Cannot read IP mode file for STMicroelectronics.X-CUBE-ISPU.2.1.0
2024-12-13 13:36:17,948 [WARN] PackLoader:240 - Cannot read IP mode file for STMicroelectronics.X-CUBE-AZRTOS-L5.2.0.0
2024-12-13 13:36:17,958 [WARN] PackLoader:240 - Cannot read IP mode file for STMicroelectronics.X-CUBE-NFC6.3.1.0
2024-12-13 13:36:17,966 [WARN] PackLoader:240 - Cannot read IP mode file for STMicroelectronics.X-CUBE-DPower.1.2.0
2024-12-13 13:36:17,972 [WARN] PackLoader:240 - Cannot read IP mode file for STMicroelectronics.X-CUBE-FREERTOS.1.3.0
2024-12-13 13:36:17,977 [WARN] PackLoader:240 - Cannot read IP mode file for STMicroelectronics.X-CUBE-NFC7.1.0.1
2024-12-13 13:36:17,992 [WARN] ConditionMgr:438 - getConditionDescription Invalid condition id : LAN8742 Phy interface Condition cause : null
2024-12-13 13:36:17,993 [WARN] PackLoader:240 - Cannot read IP mode file for STMicroelectronics.X-CUBE-AZRTOS-L4.2.0.0
2024-12-13 13:36:17,994 [WARN] ConditionMgr:1044 - genDependencies : Invalid condition id : LAN8742 Phy interface Condition cause : null
2024-12-13 13:36:17,995 [WARN] ConditionMgr:1044 - genDependencies : Invalid condition id : LAN8742 Phy interface Condition cause : null
2024-12-13 13:36:17,995 [WARN] ConditionMgr:1044 - genDependencies : Invalid condition id : LAN8742 Phy interface Condition cause : null
2024-12-13 13:36:18,003 [WARN] PackLoader:240 - Cannot read IP mode file for STMicroelectronics.X-CUBE-SFXS2LP1.4.0.0
2024-12-13 13:36:18,020 [WARN] PackLoader:240 - Cannot read IP mode file for STMicroelectronics.X-CUBE-AZRTOS-H7.3.3.0
2024-12-13 13:36:18,032 [WARN] PackLoader:240 - Cannot read IP mode file for STMicroelectronics.X-CUBE-IPS.3.0.0
2024-12-13 13:36:18,047 [WARN] ConditionMgr:438 - getConditionDescription Invalid condition id : UX DEVICE CLASS RTOS Condition cause : null
2024-12-13 13:36:18,047 [WARN] ConditionMgr:438 - getConditionDescription Invalid condition id : UX DEVICE CLASS RTOS Condition cause : null
2024-12-13 13:36:18,049 [WARN] PackLoader:240 - Cannot read IP mode file for STMicroelectronics.X-CUBE-AZRTOS-WB.2.0.0
2024-12-13 13:36:18,050 [WARN] ConditionMgr:1044 - genDependencies : Invalid condition id : UX DEVICE CLASS RTOS Condition cause : null
2024-12-13 13:36:18,050 [WARN] ConditionMgr:1044 - genDependencies : Invalid condition id : UX DEVICE CLASS RTOS Condition cause : null
2024-12-13 13:36:18,050 [WARN] ConditionMgr:1044 - genDependencies : Invalid condition id : UX DEVICE CLASS RTOS Condition cause : null
2024-12-13 13:36:18,050 [WARN] ConditionMgr:1044 - genDependencies : Invalid condition id : UX DEVICE CLASS RTOS Condition cause : null
2024-12-13 13:36:18,050 [WARN] ConditionMgr:1044 - genDependencies : Invalid condition id : UX DEVICE CLASS RTOS Condition cause : null
2024-12-13 13:36:18,056 [WARN] PackLoader:240 - Cannot read IP mode file for STMicroelectronics.X-CUBE-GNSS1.7.0.0
2024-12-13 13:36:18,062 [WARN] PackLoader:240 - Cannot read IP mode file for STMicroelectronics.FP-SNS-STBOX1.2.0.0
2024-12-13 13:36:18,072 [WARN] PackLoader:240 - Cannot read IP mode file for STMicroelectronics.X-CUBE-SUBG2.5.0.0
2024-12-13 13:36:18,081 [WARN] PackLoader:240 - Cannot read IP mode file for Cesanta.I-CUBE-Mongoose.7.13.0
2024-12-13 13:36:18,092 [WARN] PackLoader:240 - Cannot read IP mode file for STMicroelectronics.X-CUBE-AZRTOS-G4.2.0.0
2024-12-13 13:36:18,097 [WARN] PackLoader:240 - Cannot read IP mode file for STMicroelectronics.X-CUBE-ALS.1.0.2
2024-12-13 13:36:18,102 [WARN] PackLoader:240 - Cannot read IP mode file for STMicroelectronics.X-CUBE-TOUCHGFX.4.24.1
2024-12-13 13:36:18,106 [WARN] PackLoader:240 - Cannot read IP mode file for wolfSSL.I-CUBE-wolfTPM.3.4.0
2024-12-13 13:36:18,112 [WARN] PackLoader:240 - Cannot read IP mode file for portGmbH.I-Cube-SoM-uGOAL.1.1.0
2024-12-13 13:36:18,128 [WARN] PackLoader:240 - Cannot read IP mode file for STMicroelectronics.X-CUBE-AZRTOS-H7RS.1.0.0
2024-12-13 13:36:18,138 [WARN] PackLoader:240 - Cannot read IP mode file for STMicroelectronics.X-CUBE-TOF1.3.4.2
2024-12-13 13:36:18,149 [WARN] PackLoader:240 - Cannot read IP mode file for wolfSSL.I-CUBE-wolfSSH.1.4.17
2024-12-13 13:36:18,150 [INFO] ThirdParty:978 - Integrity check success = true
2024-12-13 13:36:18,150 [INFO] IntegrityCheckThread:100 - exiting critical section [integrity check]
2024-12-13 13:36:18,150 [INFO] IntegrityCheckThread:103 - End integrity checks thread
2024-12-13 13:36:18,646 [INFO] WebApp:449 - Apply proxy settings
2024-12-13 13:36:18,647 [INFO] WebApp:534 - Chromium requires no authentication
2024-12-13 13:36:18,652 [INFO] WebApp:477 - Direct internet connection detected
2024-12-13 13:36:18,669 [INFO] WebApp:880 - Register for checkConnection events
2024-12-13 13:36:18,669 [INFO] WebApp:449 - Apply proxy settings
2024-12-13 13:36:18,669 [INFO] WebApp:534 - Chromium requires no authentication
2024-12-13 13:36:18,669 [INFO] WebApp:477 - Direct internet connection detected
2024-12-13 13:36:18,800 [INFO] WebApp:221 - Starting web application
2024-12-13 13:36:18,800 [INFO] WebApp:579 - Web application path used C:\ST\STM32CubeIDE_1.17.0\STM32CubeIDE\plugins\com.st.stm32cube.common.mx_6.13.0.202411220809\db\plugins\mcufinder\reactClient1\index.html
2024-12-13 13:36:18,859 [INFO] UserAuth:486 - Internet connection configuration mode: 1
2024-12-13 13:36:18,959 [INFO] WebApp:187 - Connection restablished
2024-12-13 13:36:46,252 [ERROR] LogOutputStream:75 - [STDERR_REDIRECT] 
